<?xml version="1.0" encoding="UTF-8"?>
<testsuite xmlns:xsi="http://www.w3.org/2001/XMLSchema-instance" xsi:noNamespaceSchemaLocation="https://maven.apache.org/surefire/maven-surefire-plugin/xsd/surefire-test-report-3.0.xsd" version="3.0" name="io.cucumber.junit.platform.engine.CucumberTestEngine" time="0.012" tests="1" errors="0" skipped="0" failures="0">
  <properties>
[...]
</properties>
  <testcase name="Account has sufficient funds for transferring cash" classname="Account Holder transfers cash" time="0.072">
    <system-out><![CDATA[
@Priority-medium
Scenario: Account has sufficient funds for transferring cash     &amp#27;[90m# src/test/resources/com/example/cachwithdraw/Account_Holder_transfers_cash.feature:7&amp#27;[0m
  &amp#27;[32mGiven &amp#27;[0m&amp#27;[32mthe account balance is &amp#27;[0m&amp#27;[32m&amp#27;[1m"$100"&amp#27;[0m                            &amp#27;[90m# com.example.cachwithdraw.StepDefinitions.theAccountBalanceIsBalance(java.lang.String)&amp#27;[0m
  &amp#27;[32mAnd &amp#27;[0m&amp#27;[32mthe savings account balance is &amp#27;[0m&amp#27;[32m&amp#27;[1m"$1000"&amp#27;[0m                     &amp#27;[90m# com.example.cachwithdraw.StepDefinitions.theSavingsAccountBalanceIsAmount(java.lang.String)&amp#27;[0m
  &amp#27;[32mAnd &amp#27;[0m&amp#27;[32mthe card is valid&amp#27;[0m                                          &amp#27;[90m# com.example.cachwithdraw.StepDefinitions.theCardIsValid()&amp#27;[0m
  &amp#27;[32mWhen &amp#27;[0m&amp#27;[32mthe Account Holder transfers &amp#27;[0m&amp#27;[32m&amp#27;[1m"$20"&amp#27;[0m&amp#27;[32m to the savings account&amp#27;[0m &amp#27;[90m# com.example.cachwithdraw.StepDefinitions.theAccountHolderTransfersAmountToTheSavingsAccount(java.lang.String)&amp#27;[0m
  &amp#27;[32mAnd &amp#27;[0m&amp#27;[32mthe ATM should dispense &amp#27;[0m&amp#27;[32m&amp#27;[1m"$0"&amp#27;[0m                               &amp#27;[90m# com.example.cachwithdraw.StepDefinitions.theATMShouldDispenseAmount(java.lang.String)&amp#27;[0m
  &amp#27;[32mAnd &amp#27;[0m&amp#27;[32mthe account balance should be &amp#27;[0m&amp#27;[32m&amp#27;[1m"$80"&amp#27;[0m                        &amp#27;[90m# com.example.cachwithdraw.StepDefinitions.theAccountBalanceShouldBeBalance(java.lang.String)&amp#27;[0m
  &amp#27;[32mAnd &amp#27;[0m&amp#27;[32mthe savings account balance should be &amp#27;[0m&amp#27;[32m&amp#27;[1m"$1020"&amp#27;[0m              &amp#27;[90m# com.example.cachwithdraw.StepDefinitions.theSavingsAccountBalanceShouldBeAmount(java.lang.String)&amp#27;[0m
  &amp#27;[32mAnd &amp#27;[0m&amp#27;[32mthe card should be returned&amp#27;[0m                                &amp#27;[90m# com.example.cachwithdraw.StepDefinitions.theCardShouldBeReturned()&amp#27;[0m
]]></system-out>
    <system-err><![CDATA[May 09, 2024 11:12:08 PM io.cucumber.junit.platform.engine.DiscoverySelectorResolver warnWhenCucumberFeaturesPropertyIsUsed
WARNING: Discovering tests using the cucumber.features property. Other discovery selectors are ignored!

This is a work around for the limited JUnit 5 support in Maven and Gradle. Please request/upvote/sponsor/ect better support for JUnit 5 discovery selectors. For details see: https://github.com/cucumber/cucumber-jvm/pull/2498

If you are using the JUnit 5 Suite Engine, Platform Launcher API or Console Launcher you should not use this property. Please consult the JUnit 5 documentation on test selection.
]]></system-err>
  </testcase>
  <testcase name="Example #1.1" classname="Examples" time="0.014">
    <system-out><![CDATA[
@Priority-high
Scenario Outline: Account has sufficient funds &amp#27;[90m# src/test/resources/com/example/cachwithdraw/Account_Holder_withdraws_cash.feature:18&amp#27;[0m
  &amp#27;[32mGiven &amp#27;[0m&amp#27;[32mthe account balance is &amp#27;[0m&amp#27;[32m&amp#27;[1m"$100"&amp#27;[0m          &amp#27;[90m# com.example.cachwithdraw.StepDefinitions.theAccountBalanceIsBalance(java.lang.String)&amp#27;[0m
  &amp#27;[32mAnd &amp#27;[0m&amp#27;[32mthe machine contains enough money&amp#27;[0m        &amp#27;[90m# com.example.cachwithdraw.StepDefinitions.theMachineContainsEnoughMoney()&amp#27;[0m
  &amp#27;[32mAnd &amp#27;[0m&amp#27;[32mthe card is valid&amp#27;[0m                        &amp#27;[90m# com.example.cachwithdraw.StepDefinitions.theCardIsValid()&amp#27;[0m
  &amp#27;[32mWhen &amp#27;[0m&amp#27;[32mthe Account Holder requests &amp#27;[0m&amp#27;[32m&amp#27;[1m"$100"&amp#27;[0m      &amp#27;[90m# com.example.cachwithdraw.StepDefinitions.theAccountHolderRequestsAmount(java.lang.String)&amp#27;[0m
  &amp#27;[32mThen &amp#27;[0m&amp#27;[32mthe ATM should dispense &amp#27;[0m&amp#27;[32m&amp#27;[1m"$100"&amp#27;[0m          &amp#27;[90m# com.example.cachwithdraw.StepDefinitions.theATMShouldDispenseAmount(java.lang.String)&amp#27;[0m
  &amp#27;[32mAnd &amp#27;[0m&amp#27;[32mthe account balance should be &amp#27;[0m&amp#27;[32m&amp#27;[1m"$0"&amp#27;[0m       &amp#27;[90m# com.example.cachwithdraw.StepDefinitions.theAccountBalanceShouldBeBalance(java.lang.String)&amp#27;[0m
  &amp#27;[32mAnd &amp#27;[0m&amp#27;[32mthe card should be returned&amp#27;[0m              &amp#27;[90m# com.example.cachwithdraw.StepDefinitions.theCardShouldBeReturned()&amp#27;[0m
]]></system-out>
  </testcase>
  <testcase name="Example #1.2" classname="Examples" time="0.012">
    <system-out><![CDATA[
@Priority-high
Scenario Outline: Account has sufficient funds &amp#27;[90m# src/test/resources/com/example/cachwithdraw/Account_Holder_withdraws_cash.feature:19&amp#27;[0m
  &amp#27;[32mGiven &amp#27;[0m&amp#27;[32mthe account balance is &amp#27;[0m&amp#27;[32m&amp#27;[1m"$100"&amp#27;[0m          &amp#27;[90m# com.example.cachwithdraw.StepDefinitions.theAccountBalanceIsBalance(java.lang.String)&amp#27;[0m
  &amp#27;[32mAnd &amp#27;[0m&amp#27;[32mthe machine contains enough money&amp#27;[0m        &amp#27;[90m# com.example.cachwithdraw.StepDefinitions.theMachineContainsEnoughMoney()&amp#27;[0m
  &amp#27;[32mAnd &amp#27;[0m&amp#27;[32mthe card is valid&amp#27;[0m                        &amp#27;[90m# com.example.cachwithdraw.StepDefinitions.theCardIsValid()&amp#27;[0m
  &amp#27;[32mWhen &amp#27;[0m&amp#27;[32mthe Account Holder requests &amp#27;[0m&amp#27;[32m&amp#27;[1m"$50"&amp#27;[0m       &amp#27;[90m# com.example.cachwithdraw.StepDefinitions.theAccountHolderRequestsAmount(java.lang.String)&amp#27;[0m
  &amp#27;[32mThen &amp#27;[0m&amp#27;[32mthe ATM should dispense &amp#27;[0m&amp#27;[32m&amp#27;[1m"$50"&amp#27;[0m           &amp#27;[90m# com.example.cachwithdraw.StepDefinitions.theATMShouldDispenseAmount(java.lang.String)&amp#27;[0m
  &amp#27;[32mAnd &amp#27;[0m&amp#27;[32mthe account balance should be &amp#27;[0m&amp#27;[32m&amp#27;[1m"$50"&amp#27;[0m      &amp#27;[90m# com.example.cachwithdraw.StepDefinitions.theAccountBalanceShouldBeBalance(java.lang.String)&amp#27;[0m
  &amp#27;[32mAnd &amp#27;[0m&amp#27;[32mthe card should be returned&amp#27;[0m              &amp#27;[90m# com.example.cachwithdraw.StepDefinitions.theCardShouldBeReturned()&amp#27;[0m
]]></system-out>
  </testcase>
  <testcase name="Example #1.3" classname="Examples" time="0.012">
    <system-out><![CDATA[
@Priority-high
Scenario Outline: Account has sufficient funds &amp#27;[90m# src/test/resources/com/example/cachwithdraw/Account_Holder_withdraws_cash.feature:20&amp#27;[0m
  &amp#27;[32mGiven &amp#27;[0m&amp#27;[32mthe account balance is &amp#27;[0m&amp#27;[32m&amp#27;[1m"$100"&amp#27;[0m          &amp#27;[90m# com.example.cachwithdraw.StepDefinitions.theAccountBalanceIsBalance(java.lang.String)&amp#27;[0m
  &amp#27;[32mAnd &amp#27;[0m&amp#27;[32mthe machine contains enough money&amp#27;[0m        &amp#27;[90m# com.example.cachwithdraw.StepDefinitions.theMachineContainsEnoughMoney()&amp#27;[0m
  &amp#27;[32mAnd &amp#27;[0m&amp#27;[32mthe card is valid&amp#27;[0m                        &amp#27;[90m# com.example.cachwithdraw.StepDefinitions.theCardIsValid()&amp#27;[0m
  &amp#27;[32mWhen &amp#27;[0m&amp#27;[32mthe Account Holder requests &amp#27;[0m&amp#27;[32m&amp#27;[1m"$20"&amp#27;[0m       &amp#27;[90m# com.example.cachwithdraw.StepDefinitions.theAccountHolderRequestsAmount(java.lang.String)&amp#27;[0m
  &amp#27;[32mThen &amp#27;[0m&amp#27;[32mthe ATM should dispense &amp#27;[0m&amp#27;[32m&amp#27;[1m"$20"&amp#27;[0m           &amp#27;[90m# com.example.cachwithdraw.StepDefinitions.theATMShouldDispenseAmount(java.lang.String)&amp#27;[0m
  &amp#27;[32mAnd &amp#27;[0m&amp#27;[32mthe account balance should be &amp#27;[0m&amp#27;[32m&amp#27;[1m"$80"&amp#27;[0m      &amp#27;[90m# com.example.cachwithdraw.StepDefinitions.theAccountBalanceShouldBeBalance(java.lang.String)&amp#27;[0m
  &amp#27;[32mAnd &amp#27;[0m&amp#27;[32mthe card should be returned&amp#27;[0m              &amp#27;[90m# com.example.cachwithdraw.StepDefinitions.theCardShouldBeReturned()&amp#27;[0m
]]></system-out>
  </testcase>
  <testcase name="Account has insufficient funds" classname="Account Holder withdraws cash" time="0.011">
    <system-out><![CDATA[
@Priority-high
Scenario: Account has insufficient funds              &amp#27;[90m# src/test/resources/com/example/cachwithdraw/Account_Holder_withdraws_cash.feature:23&amp#27;[0m
  &amp#27;[32mGiven &amp#27;[0m&amp#27;[32mthe account balance is &amp#27;[0m&amp#27;[32m&amp#27;[1m"$10"&amp#27;[0m                  &amp#27;[90m# com.example.cachwithdraw.StepDefinitions.theAccountBalanceIsBalance(java.lang.String)&amp#27;[0m
  &amp#27;[32mAnd &amp#27;[0m&amp#27;[32mthe card is valid&amp#27;[0m                               &amp#27;[90m# com.example.cachwithdraw.StepDefinitions.theCardIsValid()&amp#27;[0m
  &amp#27;[32mAnd &amp#27;[0m&amp#27;[32mthe machine contains enough money&amp#27;[0m               &amp#27;[90m# com.example.cachwithdraw.StepDefinitions.theMachineContainsEnoughMoney()&amp#27;[0m
  &amp#27;[32mWhen &amp#27;[0m&amp#27;[32mthe Account Holder requests &amp#27;[0m&amp#27;[32m&amp#27;[1m"$20"&amp#27;[0m              &amp#27;[90m# com.example.cachwithdraw.StepDefinitions.theAccountHolderRequestsAmount(java.lang.String)&amp#27;[0m
  &amp#27;[32mThen &amp#27;[0m&amp#27;[32mthe ATM should not dispense any money&amp#27;[0m          &amp#27;[90m# com.example.cachwithdraw.StepDefinitions.theATMShouldNotDispenseAnyMoney()&amp#27;[0m
  &amp#27;[32mAnd &amp#27;[0m&amp#27;[32mthe ATM should say there are insufficient funds&amp#27;[0m &amp#27;[90m# com.example.cachwithdraw.StepDefinitions.theATMShouldSayThereAreInsufficientFunds()&amp#27;[0m
]]></system-out>
  </testcase>
  <testcase name="Card has been disabled" classname="Account Holder withdraws cash" time="0.006">
    <system-out><![CDATA[
@Priority-high
Scenario: Card has been disabled                    &amp#27;[90m# src/test/resources/com/example/cachwithdraw/Account_Holder_withdraws_cash.feature:32&amp#27;[0m
  &amp#27;[32mGiven &amp#27;[0m&amp#27;[32mthe card is disabled&amp#27;[0m                        &amp#27;[90m# com.example.cachwithdraw.StepDefinitions.theCardIsDisabled()&amp#27;[0m
  &amp#27;[32mWhen &amp#27;[0m&amp#27;[32mthe Account Holder requests &amp#27;[0m&amp#27;[32m&amp#27;[1m"$10"&amp#27;[0m            &amp#27;[90m# com.example.cachwithdraw.StepDefinitions.theAccountHolderRequestsAmount(java.lang.String)&amp#27;[0m
  &amp#27;[32mThen &amp#27;[0m&amp#27;[32mthe ATM should retain the card&amp#27;[0m               &amp#27;[90m# com.example.cachwithdraw.StepDefinitions.theATMShouldRetainTheCard()&amp#27;[0m
  &amp#27;[32mAnd &amp#27;[0m&amp#27;[32mthe ATM should say the card has been retained&amp#27;[0m &amp#27;[90m# com.example.cachwithdraw.StepDefinitions.theATMShouldSayTheCardHasBeenRetained()&amp#27;[0m
]]></system-out>
  </testcase>
  <testcase name="The example" classname="An example" time="0.006">
    <system-out><![CDATA[
Scenario: The example                       &amp#27;[90m# src/test/resources/com/example/example.feature:3&amp#27;[0m
1:   &amp#27;[32mGiven &amp#27;[0m&amp#27;[32man example scenario&amp#27;[0m                 &amp#27;[90m# com.example.StepDefinitions.anExampleScenario()&amp#27;[0m
2: 
  &amp#27;[32mWhen &amp#27;[0m&amp#27;[32mall step definitions are implemented&amp#27;[0m &amp#27;[90m# com.example.StepDefinitions.allStepDefinitionsAreImplemented()&amp#27;[0m
3:   &amp#27;[32mThen &amp#27;[0m&amp#27;[32mthe scenario passes&amp#27;[0m                  &amp#27;[90m# com.example.StepDefinitions.theScenarioPasses()&amp#27;[0m
]]></system-out>
  </testcase>
</testsuite>